\BOOKMARK [0][-]{chapter.1}{\376\377\000L\000e\000x\000e\000r}{}% 1
\BOOKMARK [1][-]{section.1.1}{\376\377\000D\000e\000f\000i\000n\000i\000t\000o\000n}{chapter.1}% 2
\BOOKMARK [1][-]{section.1.2}{\376\377\000Y\000o\000s\000y\000s\000\040\000u\000n\000d\000\040\000F\000l\000e\000x}{chapter.1}% 3
\BOOKMARK [1][-]{section.1.3}{\376\377\000A\000n\000a\000l\000y\000s\000e\000\040\000d\000e\000s\000\040\000L\000e\000x\000e\000r\000-\000Q\000u\000e\000l\000l\000c\000o\000d\000e\000s}{chapter.1}% 4
\BOOKMARK [2][-]{subsection.1.3.1}{\376\377\000L\000e\000x\000e\000r\000r\000e\000g\000e\000l\000n}{section.1.3}% 5
\BOOKMARK [2][-]{subsection.1.3.2}{\376\377\000Z\000u\000s\000a\000m\000m\000e\000n\000f\000a\000s\000s\000u\000n\000g\000\040\000d\000e\000r\000\040\000L\000e\000x\000e\000r\000r\000e\000g\000e\000l\000n}{section.1.3}% 6
\BOOKMARK [2][-]{subsection.1.3.3}{\376\377\000I\000n\000t\000e\000r\000p\000r\000e\000t\000a\000t\000i\000o\000n\000s\000p\000r\000o\000b\000l\000e\000m\000e\000\040\000u\000n\000d\000\040\000A\000n\000s\000\344\000t\000z\000e}{section.1.3}% 7
\BOOKMARK [2][-]{subsection.1.3.4}{\376\377\000V\000e\000r\000b\000i\000n\000d\000u\000n\000g\000\040\000z\000u\000m\000\040\000P\000a\000r\000s\000e\000r}{section.1.3}% 8
\BOOKMARK [0][-]{chapter.2}{\376\377\000P\000a\000r\000s\000e\000r}{}% 9
\BOOKMARK [1][-]{section.2.1}{\376\377\000A\000n\000a\000l\000y\000s\000e\000\040\000d\000e\000s\000\040\000P\000a\000r\000s\000e\000r\000-\000Q\000u\000e\000l\000l\000c\000o\000d\000e\000s}{chapter.2}% 10
\BOOKMARK [2][-]{subsection.2.1.1}{\376\377\000A\000n\000a\000l\000y\000s\000e\000\040\000d\000e\000r\000\040\000P\000a\000r\000s\000e\000r\000-\000G\000r\000a\000m\000m\000a\000t\000i\000k}{section.2.1}% 11
\BOOKMARK [2][-]{subsection.2.1.2}{\376\377\000I\000n\000t\000e\000r\000p\000r\000e\000t\000a\000t\000i\000o\000n\000s\000-\000P\000r\000o\000b\000l\000e\000m\000e}{section.2.1}% 12
\BOOKMARK [0][-]{chapter.3}{\376\377\000A\000S\000T\000-\000F\000r\000o\000n\000t\000e\000n\000d}{}% 13
\BOOKMARK [1][-]{section.3.1}{\376\377\000A\000n\000a\000l\000y\000s\000e\000\040\000d\000e\000r\000\040\000s\000i\000m\000p\000l\000i\000f\000y\000\040\000F\000u\000n\000k\000t\000i\000o\000n}{chapter.3}% 14
\BOOKMARK [1][-]{section.3.2}{\376\377\000A\000n\000a\000l\000y\000s\000e\000\040\000d\000e\000s\000\040\000R\000T\000L\000I\000L\000\040\000G\000e\000n\000e\000r\000a\000t\000o\000r\000s}{chapter.3}% 15
\BOOKMARK [2][-]{subsection.3.2.1}{\376\377\000D\000i\000e\000\040\000g\000e\000n\000R\000T\000L\000I\000L\000\050\000\051\000\040\000F\000u\000n\000k\000t\000i\000o\000n}{section.3.2}% 16
\BOOKMARK [1][-]{section.3.3}{\376\377\000O\000p\000e\000r\000a\000t\000i\000o\000n\000e\000n}{chapter.3}% 17
\BOOKMARK [2][-]{subsection.3.3.1}{\376\377\000A\000u\000\337\000e\000r\000h\000a\000l\000b\000\040\000v\000o\000n\000\040\000P\000r\000o\000z\000e\000s\000s\000e\000n}{section.3.3}% 18
\BOOKMARK [1][-]{section.3.4}{\376\377\000P\000r\000o\000z\000e\000s\000s\000g\000e\000n\000e\000r\000a\000t\000o\000r}{chapter.3}% 19
\BOOKMARK [2][-]{subsection.3.4.1}{\376\377\000D\000a\000t\000e\000n\000s\000t\000r\000u\000k\000t\000u\000r\000e\000n\000\040\000u\000n\000d\000\040\000V\000a\000r\000i\000a\000b\000l\000e\000n}{section.3.4}% 20
\BOOKMARK [2][-]{subsection.3.4.2}{\376\377\000N\000o\000n\000-\000B\000l\000o\000c\000k\000i\000n\000g\000\040\000A\000s\000s\000i\000g\000n\000m\000e\000n\000t\000s}{section.3.4}% 21
\BOOKMARK [2][-]{subsection.3.4.3}{\376\377\000B\000l\000o\000c\000k\000i\000n\000g\000-\000A\000s\000s\000i\000g\000n\000m\000e\000n\000t\000s}{section.3.4}% 22
\BOOKMARK [2][-]{subsection.3.4.4}{\376\377\000C\000a\000s\000e\000s\000\040\000u\000n\000d\000\040\000i\000f\000-\000A\000n\000w\000e\000i\000s\000u\000n\000g\000e\000n}{section.3.4}% 23
\BOOKMARK [2][-]{subsection.3.4.5}{\376\377\000P\000r\000o\000c\000\040\000P\000a\000s\000s}{section.3.4}% 24
\BOOKMARK [1][-]{section.3.5}{\376\377\000L\000i\000b\000e\000r\000t\000y\000-\000F\000i\000l\000e\000s}{chapter.3}% 25
